

 MODEL DESIGNATION: starburst03_upto_10M


 CONTINUOUS STAR FORMATION (>0) OR FIXED MASS (<=): 
 -1
 TOTAL STELLAR MASS (IF "FIXED MASS" IS CHOSEN): 
 0.100E+07
 SFR(T=0) IF "CONT SF" IS CHOSEN: 
        1.00
 NUMBER OF INTERVALS FOR THE IMF: 
  2
 IMF EXPONENTS : 
        1.30        2.30
 MASS LIMITS FOR IMF [SOLAR MASSES]: 
        0.10        0.50      120.00
 SUPERNOVA CUT-OFF MASS: 
        8.00
 BLACK HOLE CUT-OFF MASS: 
      120.00
 METALLICITY + TRACKS: 
 GENEVA STD:  11=0.001; 12=0.004; 13=0.008; 14=0.020; 15=0.040
 GENEVA HIGH: 21=0.001; 22=0.004; 23=0.008; 24=0.020; 25=0.040
 PADOVA STD: 31=0.0004; 32=0.004; 33=0.008; 34=0.020; 35=0.050
 PADOVA AGB: 41=0.0004; 42=0.004; 43=0.008; 44=0.020; 45=0.050
 GENEVA v00:  51=0.001; 52=0.002; 53=0.008; 54=0.014; 55=0.040
 GENEVA v40:  61=0.001; 62=0.002; 63=0.008; 64=0.014; 65=0.040
 54
 WIND MODEL (0=MAEDER; 1=EMPIRICAL; 2=THEOR.; 3=ELSON): 
  0
 INITIAL TIME: 
 0.000E+00
 TIME SCALE: LINEAR (=0) OR LOGARITHMIC (=1)
  0
 TIME STEP [1.e6 YEARS] (IF JTIME=0) OR
 NUMBER OF STEPS        (IF JTIME=1): 
        0.10
 LAST GRID POINT: 
 0.100E+08
 SMALL (=0) OR LARGE (=1) MASS GRID;
 ISOCHRONE ON  LARGE GRID (=2) OR FULL ISOCHRONE (=3): 
  3
 LMIN, LMAX (ALL = 0): 
     2   857
 TIME STEP FOR PRINTING OUT THE SYNTHETIC SPECTRA: 
 0.100E+07
 MODEL ATMOSPHERE: 1=PLA, 2=LEJ, 3=LEJ+SCH, 4=LEJ+SMI, 5=PAU+SMI
  5
 METALLICITY OF THE HIGH RESOLUTION MODELS
 (1=0.001, 2=0.008, 3=0.020, 4=0.040):
  3
 METALLICITY OF THE UV LINE SPECTRUM: (1=SOLAR, 2=LMC/SMC)
  1
 RSG FEATURE: MICROTURB. VELOCITY (1-6), SOLAR/NON-SOLAR ABUNDANCE (0,1)
  3,0
 OUTPUT FILES (NO<0, YES >=0): 
  1 -1 -1 -1 -1 -1  1 -1 -1 -1 -1 -1 -1 -1 -1
